{
  message: '🛢   Database is connected successfully',
  level: 'info',
  label: 'PH University',
  timestamp: '2023-06-12T18:15:59.298Z'
}
{
  message: 'Application  listening on port 7000',
  level: 'info',
  label: 'PH University',
  timestamp: '2023-06-12T18:15:59.306Z'
}
{
  message: '🛢   Database is connected successfully',
  level: 'info',
  label: 'PH University',
  timestamp: '2023-06-12T18:16:04.417Z'
}
{
  message: 'Application  listening on port 7000',
  level: 'info',
  label: 'PH University',
  timestamp: '2023-06-12T18:16:04.431Z'
}
{
  message: '🛢   Database is connected successfully',
  level: 'info',
  label: 'PH University',
  timestamp: '2023-06-12T18:16:10.806Z'
}
{
  message: 'Application  listening on port 7000',
  level: 'info',
  label: 'PH University',
  timestamp: '2023-06-12T18:16:10.817Z'
}
{
  message: '🛢   Database is connected successfully',
  level: 'info',
  label: 'PH University',
  timestamp: '2023-06-12T18:16:16.371Z'
}
{
  message: 'Application  listening on port 7000',
  level: 'info',
  label: 'PH University',
  timestamp: '2023-06-12T18:16:16.386Z'
}
{
  message: '🛢   Database is connected successfully',
  level: 'info',
  label: 'PH University',
  timestamp: '2023-06-12T18:16:21.099Z'
}
{
  message: 'Application  listening on port 7000',
  level: 'info',
  label: 'PH University',
  timestamp: '2023-06-12T18:16:21.118Z'
}
{
  message: '🛢   Database is connected successfully',
  level: 'info',
  label: 'PH University',
  timestamp: '2023-06-12T18:16:25.834Z'
}
{
  message: 'Application  listening on port 7000',
  level: 'info',
  label: 'PH University',
  timestamp: '2023-06-12T18:16:25.847Z'
}
{
  message: '🛢   Database is connected successfully',
  level: 'info',
  label: 'PH University',
  timestamp: '2023-06-12T18:18:02.381Z'
}
{
  message: 'Application  listening on port 7000',
  level: 'info',
  label: 'PH University',
  timestamp: '2023-06-12T18:18:02.395Z'
}
{
  message: '🛢   Database is connected successfully',
  level: 'info',
  label: 'PH University',
  timestamp: '2023-06-12T18:18:04.627Z'
}
{
  message: 'Application  listening on port 7000',
  level: 'info',
  label: 'PH University',
  timestamp: '2023-06-12T18:18:04.636Z'
}
{
  message: '🛢   Database is connected successfully',
  level: 'info',
  label: 'PH University',
  timestamp: '2023-06-12T18:18:12.237Z'
}
{
  message: 'Application  listening on port 7000',
  level: 'info',
  label: 'PH University',
  timestamp: '2023-06-12T18:18:12.253Z'
}
{
  message: '🛢   Database is connected successfully',
  level: 'info',
  label: 'PH University',
  timestamp: '2023-06-12T18:18:26.568Z'
}
{
  message: 'Application  listening on port 7000',
  level: 'info',
  label: 'PH University',
  timestamp: '2023-06-12T18:18:26.580Z'
}
{
  message: '🛢   Database is connected successfully',
  level: 'info',
  label: 'PH University',
  timestamp: '2023-06-12T18:18:29.483Z'
}
{
  message: 'Application  listening on port 7000',
  level: 'info',
  label: 'PH University',
  timestamp: '2023-06-12T18:18:29.498Z'
}
{
  message: '🛢   Database is connected successfully',
  level: 'info',
  label: 'PH University',
  timestamp: '2023-06-12T18:18:47.352Z'
}
{
  message: 'Application  listening on port 7000',
  level: 'info',
  label: 'PH University',
  timestamp: '2023-06-12T18:18:47.364Z'
}
