{
  message: '🛢   Database is connected successfully',
  level: 'info',
  label: 'PH University',
  timestamp: '2023-06-13T07:07:00.050Z'
}
{
  message: 'Application  listening on port 7000',
  level: 'info',
  label: 'PH University',
  timestamp: '2023-06-13T07:07:00.058Z'
}
{
  message: '🛢   Database is connected successfully',
  level: 'info',
  label: 'PH University',
  timestamp: '2023-06-13T07:07:57.349Z'
}
{
  message: 'Application  listening on port 7000',
  level: 'info',
  label: 'PH University',
  timestamp: '2023-06-13T07:07:57.357Z'
}
{
  message: '🛢   Database is connected successfully',
  level: 'info',
  label: 'PH University',
  timestamp: '2023-06-13T07:08:18.457Z'
}
{
  message: 'Application  listening on port 7000',
  level: 'info',
  label: 'PH University',
  timestamp: '2023-06-13T07:08:18.467Z'
}
{
  message: '🛢   Database is connected successfully',
  level: 'info',
  label: 'PH University',
  timestamp: '2023-06-13T07:08:26.514Z'
}
{
  message: 'Application  listening on port 7000',
  level: 'info',
  label: 'PH University',
  timestamp: '2023-06-13T07:08:26.531Z'
}
{
  message: '🛢   Database is connected successfully',
  level: 'info',
  label: 'PH University',
  timestamp: '2023-06-13T07:08:39.228Z'
}
{
  message: 'Application  listening on port 7000',
  level: 'info',
  label: 'PH University',
  timestamp: '2023-06-13T07:08:39.248Z'
}
{
  message: '🛢   Database is connected successfully',
  level: 'info',
  label: 'PH University',
  timestamp: '2023-06-13T07:10:47.559Z'
}
{
  message: 'Application  listening on port 7000',
  level: 'info',
  label: 'PH University',
  timestamp: '2023-06-13T07:10:47.570Z'
}
{
  message: '🛢   Database is connected successfully',
  level: 'info',
  label: 'PH University',
  timestamp: '2023-06-13T07:10:52.667Z'
}
{
  message: 'Application  listening on port 7000',
  level: 'info',
  label: 'PH University',
  timestamp: '2023-06-13T07:10:52.683Z'
}
{
  message: '🛢   Database is connected successfully',
  level: 'info',
  label: 'PH University',
  timestamp: '2023-06-13T07:11:05.490Z'
}
{
  message: 'Application  listening on port 7000',
  level: 'info',
  label: 'PH University',
  timestamp: '2023-06-13T07:11:05.498Z'
}
{
  message: '🛢   Database is connected successfully',
  level: 'info',
  label: 'PH University',
  timestamp: '2023-06-13T07:11:08.611Z'
}
{
  message: 'Application  listening on port 7000',
  level: 'info',
  label: 'PH University',
  timestamp: '2023-06-13T07:11:08.630Z'
}
{
  message: '🛢   Database is connected successfully',
  level: 'info',
  label: 'PH University',
  timestamp: '2023-06-13T07:13:37.128Z'
}
{
  message: 'Application  listening on port 7000',
  level: 'info',
  label: 'PH University',
  timestamp: '2023-06-13T07:13:37.147Z'
}
{
  message: '🛢   Database is connected successfully',
  level: 'info',
  label: 'PH University',
  timestamp: '2023-06-13T07:13:44.683Z'
}
{
  message: 'Application  listening on port 7000',
  level: 'info',
  label: 'PH University',
  timestamp: '2023-06-13T07:13:44.702Z'
}
{
  message: '🛢   Database is connected successfully',
  level: 'info',
  label: 'PH University',
  timestamp: '2023-06-13T07:14:22.980Z'
}
{
  message: 'Application  listening on port 7000',
  level: 'info',
  label: 'PH University',
  timestamp: '2023-06-13T07:14:22.997Z'
}
{
  message: '🛢   Database is connected successfully',
  level: 'info',
  label: 'PH University',
  timestamp: '2023-06-13T07:15:11.665Z'
}
{
  message: 'Application  listening on port 7000',
  level: 'info',
  label: 'PH University',
  timestamp: '2023-06-13T07:15:11.675Z'
}
