{
  message: '🛢   Database is connected successfully',
  level: 'info',
  label: 'PH University',
  timestamp: '2023-06-02T18:08:55.517Z'
}
{
  message: 'Application  listening on port 7000',
  level: 'info',
  label: 'PH University',
  timestamp: '2023-06-02T18:08:55.533Z'
}
{
  message: '🛢   Database is connected successfully',
  level: 'info',
  label: 'PH University',
  timestamp: '2023-06-02T18:10:28.689Z'
}
{
  message: 'Application  listening on port 7000',
  level: 'info',
  label: 'PH University',
  timestamp: '2023-06-02T18:10:28.703Z'
}
{
  message: '🛢   Database is connected successfully',
  level: 'info',
  label: 'PH University',
  timestamp: '2023-06-02T18:10:33.803Z'
}
{
  message: 'Application  listening on port 7000',
  level: 'info',
  label: 'PH University',
  timestamp: '2023-06-02T18:10:33.820Z'
}
{
  message: '🛢   Database is connected successfully',
  level: 'info',
  label: 'PH University',
  timestamp: '2023-06-02T18:11:42.267Z'
}
{
  message: 'Application  listening on port 7000',
  level: 'info',
  label: 'PH University',
  timestamp: '2023-06-02T18:11:42.277Z'
}
{
  message: '🛢   Database is connected successfully',
  level: 'info',
  label: 'PH University',
  timestamp: '2023-06-02T18:11:44.739Z'
}
{
  message: 'Application  listening on port 7000',
  level: 'info',
  label: 'PH University',
  timestamp: '2023-06-02T18:11:44.749Z'
}
{
  message: '🛢   Database is connected successfully',
  level: 'info',
  label: 'PH University',
  timestamp: '2023-06-02T18:14:17.396Z'
}
{
  message: 'Application  listening on port 7000',
  level: 'info',
  label: 'PH University',
  timestamp: '2023-06-02T18:14:17.405Z'
}
{
  message: '🛢   Database is connected successfully',
  level: 'info',
  label: 'PH University',
  timestamp: '2023-06-02T18:14:31.362Z'
}
{
  message: 'Application  listening on port 7000',
  level: 'info',
  label: 'PH University',
  timestamp: '2023-06-02T18:14:31.375Z'
}
{
  message: '🛢   Database is connected successfully',
  level: 'info',
  label: 'PH University',
  timestamp: '2023-06-02T18:14:35.459Z'
}
{
  message: 'Application  listening on port 7000',
  level: 'info',
  label: 'PH University',
  timestamp: '2023-06-02T18:14:35.475Z'
}
{
  message: '🛢   Database is connected successfully',
  level: 'info',
  label: 'PH University',
  timestamp: '2023-06-02T18:18:35.631Z'
}
{
  message: 'Application  listening on port 7000',
  level: 'info',
  label: 'PH University',
  timestamp: '2023-06-02T18:18:35.640Z'
}
{
  message: '🛢   Database is connected successfully',
  level: 'info',
  label: 'PH University',
  timestamp: '2023-06-02T18:20:30.472Z'
}
{
  message: 'Application  listening on port 7000',
  level: 'info',
  label: 'PH University',
  timestamp: '2023-06-02T18:20:30.489Z'
}
{
  message: '🛢   Database is connected successfully',
  level: 'info',
  label: 'PH University',
  timestamp: '2023-06-02T18:20:33.146Z'
}
{
  message: 'Application  listening on port 7000',
  level: 'info',
  label: 'PH University',
  timestamp: '2023-06-02T18:20:33.158Z'
}
{
  message: '🛢   Database is connected successfully',
  level: 'info',
  label: 'PH University',
  timestamp: '2023-06-02T18:20:36.561Z'
}
{
  message: 'Application  listening on port 7000',
  level: 'info',
  label: 'PH University',
  timestamp: '2023-06-02T18:20:36.570Z'
}
{
  message: '🛢   Database is connected successfully',
  level: 'info',
  label: 'PH University',
  timestamp: '2023-06-02T18:20:44.693Z'
}
{
  message: 'Application  listening on port 7000',
  level: 'info',
  label: 'PH University',
  timestamp: '2023-06-02T18:20:44.703Z'
}
{
  message: '🛢   Database is connected successfully',
  level: 'info',
  label: 'PH University',
  timestamp: '2023-06-02T18:21:10.493Z'
}
{
  message: 'Application  listening on port 7000',
  level: 'info',
  label: 'PH University',
  timestamp: '2023-06-02T18:21:10.504Z'
}
{
  message: '🛢   Database is connected successfully',
  level: 'info',
  label: 'PH University',
  timestamp: '2023-06-02T18:21:20.037Z'
}
{
  message: 'Application  listening on port 7000',
  level: 'info',
  label: 'PH University',
  timestamp: '2023-06-02T18:21:20.048Z'
}
{
  message: '🛢   Database is connected successfully',
  level: 'info',
  label: 'PH University',
  timestamp: '2023-06-02T18:21:32.258Z'
}
{
  message: 'Application  listening on port 7000',
  level: 'info',
  label: 'PH University',
  timestamp: '2023-06-02T18:21:32.267Z'
}
{
  message: '🛢   Database is connected successfully',
  level: 'info',
  label: 'PH University',
  timestamp: '2023-06-02T18:22:39.171Z'
}
{
  message: 'Application  listening on port 7000',
  level: 'info',
  label: 'PH University',
  timestamp: '2023-06-02T18:22:39.187Z'
}
