{
  message: '🛢   Database is connected successfully',
  level: 'info',
  label: 'PH University',
  timestamp: '2023-06-13T06:42:24.070Z'
}
{
  message: 'Application  listening on port 7000',
  level: 'info',
  label: 'PH University',
  timestamp: '2023-06-13T06:42:24.081Z'
}
{
  message: '🛢   Database is connected successfully',
  level: 'info',
  label: 'PH University',
  timestamp: '2023-06-13T06:42:43.526Z'
}
{
  message: 'Application  listening on port 7000',
  level: 'info',
  label: 'PH University',
  timestamp: '2023-06-13T06:42:43.545Z'
}
{
  message: '🛢   Database is connected successfully',
  level: 'info',
  label: 'PH University',
  timestamp: '2023-06-13T06:43:02.160Z'
}
{
  message: 'Application  listening on port 7000',
  level: 'info',
  label: 'PH University',
  timestamp: '2023-06-13T06:43:02.170Z'
}
{
  message: '🛢   Database is connected successfully',
  level: 'info',
  label: 'PH University',
  timestamp: '2023-06-13T06:44:46.455Z'
}
{
  message: 'Application  listening on port 7000',
  level: 'info',
  label: 'PH University',
  timestamp: '2023-06-13T06:44:46.466Z'
}
{
  message: '🛢   Database is connected successfully',
  level: 'info',
  label: 'PH University',
  timestamp: '2023-06-13T06:45:04.402Z'
}
{
  message: 'Application  listening on port 7000',
  level: 'info',
  label: 'PH University',
  timestamp: '2023-06-13T06:45:04.416Z'
}
{
  message: '🛢   Database is connected successfully',
  level: 'info',
  label: 'PH University',
  timestamp: '2023-06-13T06:45:10.298Z'
}
{
  message: 'Application  listening on port 7000',
  level: 'info',
  label: 'PH University',
  timestamp: '2023-06-13T06:45:10.311Z'
}
{
  message: '🛢   Database is connected successfully',
  level: 'info',
  label: 'PH University',
  timestamp: '2023-06-13T06:45:45.103Z'
}
{
  message: 'Application  listening on port 7000',
  level: 'info',
  label: 'PH University',
  timestamp: '2023-06-13T06:45:45.119Z'
}
{
  message: '🛢   Database is connected successfully',
  level: 'info',
  label: 'PH University',
  timestamp: '2023-06-13T06:45:52.424Z'
}
{
  message: 'Application  listening on port 7000',
  level: 'info',
  label: 'PH University',
  timestamp: '2023-06-13T06:45:52.437Z'
}
{
  message: '🛢   Database is connected successfully',
  level: 'info',
  label: 'PH University',
  timestamp: '2023-06-13T06:47:06.099Z'
}
{
  message: 'Application  listening on port 7000',
  level: 'info',
  label: 'PH University',
  timestamp: '2023-06-13T06:47:06.108Z'
}
{
  message: '🛢   Database is connected successfully',
  level: 'info',
  label: 'PH University',
  timestamp: '2023-06-13T06:47:29.089Z'
}
{
  message: 'Application  listening on port 7000',
  level: 'info',
  label: 'PH University',
  timestamp: '2023-06-13T06:47:29.101Z'
}
{
  message: '🛢   Database is connected successfully',
  level: 'info',
  label: 'PH University',
  timestamp: '2023-06-13T06:47:36.211Z'
}
{
  message: 'Application  listening on port 7000',
  level: 'info',
  label: 'PH University',
  timestamp: '2023-06-13T06:47:36.221Z'
}
{
  message: '🛢   Database is connected successfully',
  level: 'info',
  label: 'PH University',
  timestamp: '2023-06-13T06:48:01.150Z'
}
{
  message: 'Application  listening on port 7000',
  level: 'info',
  label: 'PH University',
  timestamp: '2023-06-13T06:48:01.165Z'
}
{
  message: '🛢   Database is connected successfully',
  level: 'info',
  label: 'PH University',
  timestamp: '2023-06-13T06:48:48.901Z'
}
{
  message: 'Application  listening on port 7000',
  level: 'info',
  label: 'PH University',
  timestamp: '2023-06-13T06:48:48.909Z'
}
{
  message: '🛢   Database is connected successfully',
  level: 'info',
  label: 'PH University',
  timestamp: '2023-06-13T06:48:53.767Z'
}
{
  message: 'Application  listening on port 7000',
  level: 'info',
  label: 'PH University',
  timestamp: '2023-06-13T06:48:53.779Z'
}
{
  message: '🛢   Database is connected successfully',
  level: 'info',
  label: 'PH University',
  timestamp: '2023-06-13T06:49:18.299Z'
}
{
  message: 'Application  listening on port 7000',
  level: 'info',
  label: 'PH University',
  timestamp: '2023-06-13T06:49:18.307Z'
}
{
  message: '🛢   Database is connected successfully',
  level: 'info',
  label: 'PH University',
  timestamp: '2023-06-13T06:54:20.782Z'
}
{
  message: 'Application  listening on port 7000',
  level: 'info',
  label: 'PH University',
  timestamp: '2023-06-13T06:54:20.818Z'
}
{
  message: '🛢   Database is connected successfully',
  level: 'info',
  label: 'PH University',
  timestamp: '2023-06-13T06:54:54.306Z'
}
{
  message: 'Application  listening on port 7000',
  level: 'info',
  label: 'PH University',
  timestamp: '2023-06-13T06:54:54.317Z'
}
{
  message: '🛢   Database is connected successfully',
  level: 'info',
  label: 'PH University',
  timestamp: '2023-06-13T06:55:02.504Z'
}
{
  message: 'Application  listening on port 7000',
  level: 'info',
  label: 'PH University',
  timestamp: '2023-06-13T06:55:02.517Z'
}
{
  message: '🛢   Database is connected successfully',
  level: 'info',
  label: 'PH University',
  timestamp: '2023-06-13T06:55:19.937Z'
}
{
  message: 'Application  listening on port 7000',
  level: 'info',
  label: 'PH University',
  timestamp: '2023-06-13T06:55:19.949Z'
}
{
  message: '🛢   Database is connected successfully',
  level: 'info',
  label: 'PH University',
  timestamp: '2023-06-13T06:56:34.976Z'
}
{
  message: 'Application  listening on port 7000',
  level: 'info',
  label: 'PH University',
  timestamp: '2023-06-13T06:56:34.988Z'
}
{
  message: '🛢   Database is connected successfully',
  level: 'info',
  label: 'PH University',
  timestamp: '2023-06-13T06:56:43.674Z'
}
{
  message: 'Application  listening on port 7000',
  level: 'info',
  label: 'PH University',
  timestamp: '2023-06-13T06:56:43.690Z'
}
{
  message: '🛢   Database is connected successfully',
  level: 'info',
  label: 'PH University',
  timestamp: '2023-06-13T06:56:49.224Z'
}
{
  message: 'Application  listening on port 7000',
  level: 'info',
  label: 'PH University',
  timestamp: '2023-06-13T06:56:49.233Z'
}
