{
  message: '🛢   Database is connected successfully',
  level: 'info',
  label: 'PH University',
  timestamp: '2023-06-12T10:05:47.929Z'
}
{
  message: 'Application  listening on port 7000',
  level: 'info',
  label: 'PH University',
  timestamp: '2023-06-12T10:05:47.942Z'
}
{
  message: '🛢   Database is connected successfully',
  level: 'info',
  label: 'PH University',
  timestamp: '2023-06-12T10:06:07.063Z'
}
{
  message: 'Application  listening on port 7000',
  level: 'info',
  label: 'PH University',
  timestamp: '2023-06-12T10:06:07.078Z'
}
{
  message: '🛢   Database is connected successfully',
  level: 'info',
  label: 'PH University',
  timestamp: '2023-06-12T10:06:41.384Z'
}
{
  message: 'Application  listening on port 7000',
  level: 'info',
  label: 'PH University',
  timestamp: '2023-06-12T10:06:41.408Z'
}
{
  message: '🛢   Database is connected successfully',
  level: 'info',
  label: 'PH University',
  timestamp: '2023-06-12T10:07:13.733Z'
}
{
  message: 'Application  listening on port 7000',
  level: 'info',
  label: 'PH University',
  timestamp: '2023-06-12T10:07:13.746Z'
}
{
  message: '🛢   Database is connected successfully',
  level: 'info',
  label: 'PH University',
  timestamp: '2023-06-12T10:08:05.175Z'
}
{
  message: 'Application  listening on port 7000',
  level: 'info',
  label: 'PH University',
  timestamp: '2023-06-12T10:08:05.184Z'
}
{
  message: '🛢   Database is connected successfully',
  level: 'info',
  label: 'PH University',
  timestamp: '2023-06-12T10:10:00.153Z'
}
{
  message: 'Application  listening on port 7000',
  level: 'info',
  label: 'PH University',
  timestamp: '2023-06-12T10:10:00.173Z'
}
{
  message: '🛢   Database is connected successfully',
  level: 'info',
  label: 'PH University',
  timestamp: '2023-06-12T10:10:14.534Z'
}
{
  message: 'Application  listening on port 7000',
  level: 'info',
  label: 'PH University',
  timestamp: '2023-06-12T10:10:14.544Z'
}
{
  message: '🛢   Database is connected successfully',
  level: 'info',
  label: 'PH University',
  timestamp: '2023-06-12T10:10:42.803Z'
}
{
  message: 'Application  listening on port 7000',
  level: 'info',
  label: 'PH University',
  timestamp: '2023-06-12T10:10:42.812Z'
}
{
  message: '🛢   Database is connected successfully',
  level: 'info',
  label: 'PH University',
  timestamp: '2023-06-12T10:12:45.956Z'
}
{
  message: 'Application  listening on port 7000',
  level: 'info',
  label: 'PH University',
  timestamp: '2023-06-12T10:12:45.971Z'
}
{
  message: '🛢   Database is connected successfully',
  level: 'info',
  label: 'PH University',
  timestamp: '2023-06-12T10:14:04.293Z'
}
{
  message: 'Application  listening on port 7000',
  level: 'info',
  label: 'PH University',
  timestamp: '2023-06-12T10:14:04.300Z'
}
{
  message: '🛢   Database is connected successfully',
  level: 'info',
  label: 'PH University',
  timestamp: '2023-06-12T10:24:32.237Z'
}
{
  message: 'Application  listening on port 7000',
  level: 'info',
  label: 'PH University',
  timestamp: '2023-06-12T10:24:32.246Z'
}
{
  message: '🛢   Database is connected successfully',
  level: 'info',
  label: 'PH University',
  timestamp: '2023-06-12T10:29:07.394Z'
}
{
  message: 'Application  listening on port 7000',
  level: 'info',
  label: 'PH University',
  timestamp: '2023-06-12T10:29:07.406Z'
}
{
  message: '🛢   Database is connected successfully',
  level: 'info',
  label: 'PH University',
  timestamp: '2023-06-12T10:29:11.326Z'
}
{
  message: 'Application  listening on port 7000',
  level: 'info',
  label: 'PH University',
  timestamp: '2023-06-12T10:29:11.342Z'
}
{
  message: '🛢   Database is connected successfully',
  level: 'info',
  label: 'PH University',
  timestamp: '2023-06-12T10:30:58.799Z'
}
{
  message: 'Application  listening on port 7000',
  level: 'info',
  label: 'PH University',
  timestamp: '2023-06-12T10:30:58.810Z'
}
{
  message: '🛢   Database is connected successfully',
  level: 'info',
  label: 'PH University',
  timestamp: '2023-06-12T10:31:10.159Z'
}
{
  message: 'Application  listening on port 7000',
  level: 'info',
  label: 'PH University',
  timestamp: '2023-06-12T10:31:10.182Z'
}
{
  message: '🛢   Database is connected successfully',
  level: 'info',
  label: 'PH University',
  timestamp: '2023-06-12T10:44:52.726Z'
}
{
  message: 'Application  listening on port 7000',
  level: 'info',
  label: 'PH University',
  timestamp: '2023-06-12T10:44:52.737Z'
}
{
  message: '🛢   Database is connected successfully',
  level: 'info',
  label: 'PH University',
  timestamp: '2023-06-12T10:44:56.234Z'
}
{
  message: 'Application  listening on port 7000',
  level: 'info',
  label: 'PH University',
  timestamp: '2023-06-12T10:44:56.250Z'
}
{
  message: '🛢   Database is connected successfully',
  level: 'info',
  label: 'PH University',
  timestamp: '2023-06-12T10:45:13.521Z'
}
{
  message: 'Application  listening on port 7000',
  level: 'info',
  label: 'PH University',
  timestamp: '2023-06-12T10:45:13.529Z'
}
{
  message: '🛢   Database is connected successfully',
  level: 'info',
  label: 'PH University',
  timestamp: '2023-06-12T10:45:32.035Z'
}
{
  message: 'Application  listening on port 7000',
  level: 'info',
  label: 'PH University',
  timestamp: '2023-06-12T10:45:32.052Z'
}
{
  message: '🛢   Database is connected successfully',
  level: 'info',
  label: 'PH University',
  timestamp: '2023-06-12T10:45:51.074Z'
}
{
  message: 'Application  listening on port 7000',
  level: 'info',
  label: 'PH University',
  timestamp: '2023-06-12T10:45:51.096Z'
}
{
  message: '🛢   Database is connected successfully',
  level: 'info',
  label: 'PH University',
  timestamp: '2023-06-12T10:47:14.822Z'
}
{
  message: 'Application  listening on port 7000',
  level: 'info',
  label: 'PH University',
  timestamp: '2023-06-12T10:47:14.833Z'
}
{
  message: '🛢   Database is connected successfully',
  level: 'info',
  label: 'PH University',
  timestamp: '2023-06-12T10:47:35.043Z'
}
{
  message: 'Application  listening on port 7000',
  level: 'info',
  label: 'PH University',
  timestamp: '2023-06-12T10:47:35.053Z'
}
{
  message: '🛢   Database is connected successfully',
  level: 'info',
  label: 'PH University',
  timestamp: '2023-06-12T10:47:42.747Z'
}
{
  message: 'Application  listening on port 7000',
  level: 'info',
  label: 'PH University',
  timestamp: '2023-06-12T10:47:42.758Z'
}
{
  message: '🛢   Database is connected successfully',
  level: 'info',
  label: 'PH University',
  timestamp: '2023-06-12T10:47:57.349Z'
}
{
  message: 'Application  listening on port 7000',
  level: 'info',
  label: 'PH University',
  timestamp: '2023-06-12T10:47:57.357Z'
}
{
  message: '🛢   Database is connected successfully',
  level: 'info',
  label: 'PH University',
  timestamp: '2023-06-12T10:48:01.260Z'
}
{
  message: 'Application  listening on port 7000',
  level: 'info',
  label: 'PH University',
  timestamp: '2023-06-12T10:48:01.270Z'
}
{
  message: '🛢   Database is connected successfully',
  level: 'info',
  label: 'PH University',
  timestamp: '2023-06-12T10:48:11.679Z'
}
{
  message: 'Application  listening on port 7000',
  level: 'info',
  label: 'PH University',
  timestamp: '2023-06-12T10:48:11.689Z'
}
